<?xml version="1.0" encoding="UTF-8"?>
<testsuite xmlns:xsi="http://www.w3.org/2001/XMLSchema-instance" xsi:noNamespaceSchemaLocation="https://maven.apache.org/surefire/maven-surefire-plugin/xsd/surefire-test-report.xsd" name="com.IoT_CRUD.UpdatedServiceProxy.APIVerticleTest" time="1.729" tests="4" errors="0" skipped="0" failures="0">
  <properties>
    <property name="java.specification.version" value="21"/>
    <property name="sun.cpu.isalist" value="amd64"/>
    <property name="sun.jnu.encoding" value="Cp1252"/>
    <property name="java.class.path" value="C:\Users\divya\Downloads\UpdatedServiceProxy\target\test-classes;C:\Users\divya\Downloads\UpdatedServiceProxy\target\classes;C:\Users\divya\.m2\repository\io\vertx\vertx-web-client\4.4.5\vertx-web-client-4.4.5.jar;C:\Users\divya\.m2\repository\io\vertx\vertx-uri-template\4.4.5\vertx-uri-template-4.4.5.jar;C:\Users\divya\.m2\repository\io\vertx\vertx-web-common\4.4.5\vertx-web-common-4.4.5.jar;C:\Users\divya\.m2\repository\io\vertx\vertx-auth-common\4.4.5\vertx-auth-common-4.4.5.jar;C:\Users\divya\.m2\repository\io\vertx\vertx-core\4.4.5\vertx-core-4.4.5.jar;C:\Users\divya\.m2\repository\io\netty\netty-common\4.1.97.Final\netty-common-4.1.97.Final.jar;C:\Users\divya\.m2\repository\io\netty\netty-buffer\4.1.97.Final\netty-buffer-4.1.97.Final.jar;C:\Users\divya\.m2\repository\io\netty\netty-transport\4.1.97.Final\netty-transport-4.1.97.Final.jar;C:\Users\divya\.m2\repository\io\netty\netty-handler\4.1.97.Final\netty-handler-4.1.97.Final.jar;C:\Users\divya\.m2\repository\io\netty\netty-transport-native-unix-common\4.1.97.Final\netty-transport-native-unix-common-4.1.97.Final.jar;C:\Users\divya\.m2\repository\io\netty\netty-codec\4.1.97.Final\netty-codec-4.1.97.Final.jar;C:\Users\divya\.m2\repository\io\netty\netty-handler-proxy\4.1.97.Final\netty-handler-proxy-4.1.97.Final.jar;C:\Users\divya\.m2\repository\io\netty\netty-codec-socks\4.1.97.Final\netty-codec-socks-4.1.97.Final.jar;C:\Users\divya\.m2\repository\io\netty\netty-codec-http\4.1.97.Final\netty-codec-http-4.1.97.Final.jar;C:\Users\divya\.m2\repository\io\netty\netty-codec-http2\4.1.97.Final\netty-codec-http2-4.1.97.Final.jar;C:\Users\divya\.m2\repository\io\netty\netty-resolver\4.1.97.Final\netty-resolver-4.1.97.Final.jar;C:\Users\divya\.m2\repository\io\netty\netty-resolver-dns\4.1.97.Final\netty-resolver-dns-4.1.97.Final.jar;C:\Users\divya\.m2\repository\io\netty\netty-codec-dns\4.1.97.Final\netty-codec-dns-4.1.97.Final.jar;C:\Users\divya\.m2\repository\io\vertx\vertx-web\4.4.5\vertx-web-4.4.5.jar;C:\Users\divya\.m2\repository\io\vertx\vertx-bridge-common\4.4.5\vertx-bridge-common-4.4.5.jar;C:\Users\divya\.m2\repository\io\vertx\vertx-web-openapi\4.4.5\vertx-web-openapi-4.4.5.jar;C:\Users\divya\.m2\repository\io\vertx\vertx-web-validation\4.4.5\vertx-web-validation-4.4.5.jar;C:\Users\divya\.m2\repository\io\vertx\vertx-json-schema\4.4.5\vertx-json-schema-4.4.5.jar;C:\Users\divya\.m2\repository\org\yaml\snakeyaml\2.0\snakeyaml-2.0.jar;C:\Users\divya\.m2\repository\org\postgresql\postgresql\42.6.0\postgresql-42.6.0.jar;C:\Users\divya\.m2\repository\org\checkerframework\checker-qual\3.31.0\checker-qual-3.31.0.jar;C:\Users\divya\.m2\repository\io\vertx\vertx-pg-client\4.4.5\vertx-pg-client-4.4.5.jar;C:\Users\divya\.m2\repository\io\vertx\vertx-sql-client\4.4.5\vertx-sql-client-4.4.5.jar;C:\Users\divya\.m2\repository\io\vertx\vertx-web-api-contract\4.4.5\vertx-web-api-contract-4.4.5.jar;C:\Users\divya\.m2\repository\com\fasterxml\jackson\core\jackson-databind\2.15.0\jackson-databind-2.15.0.jar;C:\Users\divya\.m2\repository\com\fasterxml\jackson\core\jackson-annotations\2.15.0\jackson-annotations-2.15.0.jar;C:\Users\divya\.m2\repository\com\networknt\json-schema-validator\1.0.43\json-schema-validator-1.0.43.jar;C:\Users\divya\.m2\repository\org\slf4j\slf4j-api\2.0.7\slf4j-api-2.0.7.jar;C:\Users\divya\.m2\repository\org\apache\commons\commons-lang3\3.5\commons-lang3-3.5.jar;C:\Users\divya\.m2\repository\org\jruby\joni\joni\2.1.31\joni-2.1.31.jar;C:\Users\divya\.m2\repository\org\jruby\jcodings\jcodings\1.0.46\jcodings-1.0.46.jar;C:\Users\divya\.m2\repository\jakarta\xml\bind\jakarta.xml.bind-api\2.3.3\jakarta.xml.bind-api-2.3.3.jar;C:\Users\divya\.m2\repository\jakarta\activation\jakarta.activation-api\1.2.2\jakarta.activation-api-1.2.2.jar;C:\Users\divya\.m2\repository\com\ongres\scram\client\2.1\client-2.1.jar;C:\Users\divya\.m2\repository\com\ongres\scram\common\2.1\common-2.1.jar;C:\Users\divya\.m2\repository\com\ongres\stringprep\saslprep\1.1\saslprep-1.1.jar;C:\Users\divya\.m2\repository\com\ongres\stringprep\stringprep\1.1\stringprep-1.1.jar;C:\Users\divya\.m2\repository\io\vertx\vertx-junit5\4.4.5\vertx-junit5-4.4.5.jar;C:\Users\divya\.m2\repository\org\junit\jupiter\junit-jupiter-params\5.8.2\junit-jupiter-params-5.8.2.jar;C:\Users\divya\.m2\repository\org\junit\jupiter\junit-jupiter-api\5.9.1\junit-jupiter-api-5.9.1.jar;C:\Users\divya\.m2\repository\org\opentest4j\opentest4j\1.2.0\opentest4j-1.2.0.jar;C:\Users\divya\.m2\repository\org\junit\platform\junit-platform-commons\1.9.1\junit-platform-commons-1.9.1.jar;C:\Users\divya\.m2\repository\org\apiguardian\apiguardian-api\1.1.2\apiguardian-api-1.1.2.jar;C:\Users\divya\.m2\repository\org\junit\jupiter\junit-jupiter-engine\5.9.1\junit-jupiter-engine-5.9.1.jar;C:\Users\divya\.m2\repository\org\junit\platform\junit-platform-engine\1.9.1\junit-platform-engine-1.9.1.jar;C:\Users\divya\.m2\repository\io\vertx\vertx-codegen\4.4.5\vertx-codegen-4.4.5-processor.jar;C:\Users\divya\.m2\repository\com\fasterxml\jackson\core\jackson-core\2.15.0\jackson-core-2.15.0.jar;C:\Users\divya\.m2\repository\io\vertx\vertx-service-proxy\4.4.5\vertx-service-proxy-4.4.5.jar;C:\Users\divya\.m2\repository\io\vertx\vertx-jdbc-client\4.4.4\vertx-jdbc-client-4.4.4.jar;C:\Users\divya\.m2\repository\com\mchange\c3p0\0.9.5.5\c3p0-0.9.5.5.jar;C:\Users\divya\.m2\repository\com\mchange\mchange-commons-java\0.2.19\mchange-commons-java-0.2.19.jar;C:\Users\divya\.m2\repository\org\mockito\mockito-core\5.3.1\mockito-core-5.3.1.jar;C:\Users\divya\.m2\repository\net\bytebuddy\byte-buddy\1.14.4\byte-buddy-1.14.4.jar;C:\Users\divya\.m2\repository\net\bytebuddy\byte-buddy-agent\1.14.4\byte-buddy-agent-1.14.4.jar;C:\Users\divya\.m2\repository\org\objenesis\objenesis\3.3\objenesis-3.3.jar;"/>
    <property name="java.vm.vendor" value="Oracle Corporation"/>
    <property name="sun.arch.data.model" value="64"/>
    <property name="user.variant" value=""/>
    <property name="java.vendor.url" value="https://java.oracle.com/"/>
    <property name="user.timezone" value="Asia/Calcutta"/>
    <property name="os.name" value="Windows 11"/>
    <property name="java.vm.specification.version" value="21"/>
    <property name="sun.java.launcher" value="SUN_STANDARD"/>
    <property name="user.country" value="IN"/>
    <property name="sun.boot.library.path" value="C:\Program Files\Java\jdk-21\bin"/>
    <property name="sun.java.command" value="C:\Users\divya\AppData\Local\Temp\surefire11292524391903556230\surefirebooter17957953579493859838.jar C:\Users\divya\AppData\Local\Temp\surefire11292524391903556230 2023-09-22T11-30-59_627-jvmRun1 surefire1696587046676775370tmp surefire_04593753599884705789tmp"/>
    <property name="jdk.debug" value="release"/>
    <property name="surefire.test.class.path" value="C:\Users\divya\Downloads\UpdatedServiceProxy\target\test-classes;C:\Users\divya\Downloads\UpdatedServiceProxy\target\classes;C:\Users\divya\.m2\repository\io\vertx\vertx-web-client\4.4.5\vertx-web-client-4.4.5.jar;C:\Users\divya\.m2\repository\io\vertx\vertx-uri-template\4.4.5\vertx-uri-template-4.4.5.jar;C:\Users\divya\.m2\repository\io\vertx\vertx-web-common\4.4.5\vertx-web-common-4.4.5.jar;C:\Users\divya\.m2\repository\io\vertx\vertx-auth-common\4.4.5\vertx-auth-common-4.4.5.jar;C:\Users\divya\.m2\repository\io\vertx\vertx-core\4.4.5\vertx-core-4.4.5.jar;C:\Users\divya\.m2\repository\io\netty\netty-common\4.1.97.Final\netty-common-4.1.97.Final.jar;C:\Users\divya\.m2\repository\io\netty\netty-buffer\4.1.97.Final\netty-buffer-4.1.97.Final.jar;C:\Users\divya\.m2\repository\io\netty\netty-transport\4.1.97.Final\netty-transport-4.1.97.Final.jar;C:\Users\divya\.m2\repository\io\netty\netty-handler\4.1.97.Final\netty-handler-4.1.97.Final.jar;C:\Users\divya\.m2\repository\io\netty\netty-transport-native-unix-common\4.1.97.Final\netty-transport-native-unix-common-4.1.97.Final.jar;C:\Users\divya\.m2\repository\io\netty\netty-codec\4.1.97.Final\netty-codec-4.1.97.Final.jar;C:\Users\divya\.m2\repository\io\netty\netty-handler-proxy\4.1.97.Final\netty-handler-proxy-4.1.97.Final.jar;C:\Users\divya\.m2\repository\io\netty\netty-codec-socks\4.1.97.Final\netty-codec-socks-4.1.97.Final.jar;C:\Users\divya\.m2\repository\io\netty\netty-codec-http\4.1.97.Final\netty-codec-http-4.1.97.Final.jar;C:\Users\divya\.m2\repository\io\netty\netty-codec-http2\4.1.97.Final\netty-codec-http2-4.1.97.Final.jar;C:\Users\divya\.m2\repository\io\netty\netty-resolver\4.1.97.Final\netty-resolver-4.1.97.Final.jar;C:\Users\divya\.m2\repository\io\netty\netty-resolver-dns\4.1.97.Final\netty-resolver-dns-4.1.97.Final.jar;C:\Users\divya\.m2\repository\io\netty\netty-codec-dns\4.1.97.Final\netty-codec-dns-4.1.97.Final.jar;C:\Users\divya\.m2\repository\io\vertx\vertx-web\4.4.5\vertx-web-4.4.5.jar;C:\Users\divya\.m2\repository\io\vertx\vertx-bridge-common\4.4.5\vertx-bridge-common-4.4.5.jar;C:\Users\divya\.m2\repository\io\vertx\vertx-web-openapi\4.4.5\vertx-web-openapi-4.4.5.jar;C:\Users\divya\.m2\repository\io\vertx\vertx-web-validation\4.4.5\vertx-web-validation-4.4.5.jar;C:\Users\divya\.m2\repository\io\vertx\vertx-json-schema\4.4.5\vertx-json-schema-4.4.5.jar;C:\Users\divya\.m2\repository\org\yaml\snakeyaml\2.0\snakeyaml-2.0.jar;C:\Users\divya\.m2\repository\org\postgresql\postgresql\42.6.0\postgresql-42.6.0.jar;C:\Users\divya\.m2\repository\org\checkerframework\checker-qual\3.31.0\checker-qual-3.31.0.jar;C:\Users\divya\.m2\repository\io\vertx\vertx-pg-client\4.4.5\vertx-pg-client-4.4.5.jar;C:\Users\divya\.m2\repository\io\vertx\vertx-sql-client\4.4.5\vertx-sql-client-4.4.5.jar;C:\Users\divya\.m2\repository\io\vertx\vertx-web-api-contract\4.4.5\vertx-web-api-contract-4.4.5.jar;C:\Users\divya\.m2\repository\com\fasterxml\jackson\core\jackson-databind\2.15.0\jackson-databind-2.15.0.jar;C:\Users\divya\.m2\repository\com\fasterxml\jackson\core\jackson-annotations\2.15.0\jackson-annotations-2.15.0.jar;C:\Users\divya\.m2\repository\com\networknt\json-schema-validator\1.0.43\json-schema-validator-1.0.43.jar;C:\Users\divya\.m2\repository\org\slf4j\slf4j-api\2.0.7\slf4j-api-2.0.7.jar;C:\Users\divya\.m2\repository\org\apache\commons\commons-lang3\3.5\commons-lang3-3.5.jar;C:\Users\divya\.m2\repository\org\jruby\joni\joni\2.1.31\joni-2.1.31.jar;C:\Users\divya\.m2\repository\org\jruby\jcodings\jcodings\1.0.46\jcodings-1.0.46.jar;C:\Users\divya\.m2\repository\jakarta\xml\bind\jakarta.xml.bind-api\2.3.3\jakarta.xml.bind-api-2.3.3.jar;C:\Users\divya\.m2\repository\jakarta\activation\jakarta.activation-api\1.2.2\jakarta.activation-api-1.2.2.jar;C:\Users\divya\.m2\repository\com\ongres\scram\client\2.1\client-2.1.jar;C:\Users\divya\.m2\repository\com\ongres\scram\common\2.1\common-2.1.jar;C:\Users\divya\.m2\repository\com\ongres\stringprep\saslprep\1.1\saslprep-1.1.jar;C:\Users\divya\.m2\repository\com\ongres\stringprep\stringprep\1.1\stringprep-1.1.jar;C:\Users\divya\.m2\repository\io\vertx\vertx-junit5\4.4.5\vertx-junit5-4.4.5.jar;C:\Users\divya\.m2\repository\org\junit\jupiter\junit-jupiter-params\5.8.2\junit-jupiter-params-5.8.2.jar;C:\Users\divya\.m2\repository\org\junit\jupiter\junit-jupiter-api\5.9.1\junit-jupiter-api-5.9.1.jar;C:\Users\divya\.m2\repository\org\opentest4j\opentest4j\1.2.0\opentest4j-1.2.0.jar;C:\Users\divya\.m2\repository\org\junit\platform\junit-platform-commons\1.9.1\junit-platform-commons-1.9.1.jar;C:\Users\divya\.m2\repository\org\apiguardian\apiguardian-api\1.1.2\apiguardian-api-1.1.2.jar;C:\Users\divya\.m2\repository\org\junit\jupiter\junit-jupiter-engine\5.9.1\junit-jupiter-engine-5.9.1.jar;C:\Users\divya\.m2\repository\org\junit\platform\junit-platform-engine\1.9.1\junit-platform-engine-1.9.1.jar;C:\Users\divya\.m2\repository\io\vertx\vertx-codegen\4.4.5\vertx-codegen-4.4.5-processor.jar;C:\Users\divya\.m2\repository\com\fasterxml\jackson\core\jackson-core\2.15.0\jackson-core-2.15.0.jar;C:\Users\divya\.m2\repository\io\vertx\vertx-service-proxy\4.4.5\vertx-service-proxy-4.4.5.jar;C:\Users\divya\.m2\repository\io\vertx\vertx-jdbc-client\4.4.4\vertx-jdbc-client-4.4.4.jar;C:\Users\divya\.m2\repository\com\mchange\c3p0\0.9.5.5\c3p0-0.9.5.5.jar;C:\Users\divya\.m2\repository\com\mchange\mchange-commons-java\0.2.19\mchange-commons-java-0.2.19.jar;C:\Users\divya\.m2\repository\org\mockito\mockito-core\5.3.1\mockito-core-5.3.1.jar;C:\Users\divya\.m2\repository\net\bytebuddy\byte-buddy\1.14.4\byte-buddy-1.14.4.jar;C:\Users\divya\.m2\repository\net\bytebuddy\byte-buddy-agent\1.14.4\byte-buddy-agent-1.14.4.jar;C:\Users\divya\.m2\repository\org\objenesis\objenesis\3.3\objenesis-3.3.jar;"/>
    <property name="sun.cpu.endian" value="little"/>
    <property name="user.home" value="C:\Users\divya"/>
    <property name="user.language" value="en"/>
    <property name="java.specification.vendor" value="Oracle Corporation"/>
    <property name="java.version.date" value="2023-09-19"/>
    <property name="java.home" value="C:\Program Files\Java\jdk-21"/>
    <property name="file.separator" value="\"/>
    <property name="basedir" value="C:\Users\divya\Downloads\UpdatedServiceProxy"/>
    <property name="java.vm.compressedOopsMode" value="Zero based"/>
    <property name="line.separator" value="&#10;"/>
    <property name="java.vm.specification.vendor" value="Oracle Corporation"/>
    <property name="java.specification.name" value="Java Platform API Specification"/>
    <property name="surefire.real.class.path" value="C:\Users\divya\AppData\Local\Temp\surefire11292524391903556230\surefirebooter17957953579493859838.jar"/>
    <property name="user.script" value=""/>
    <property name="sun.management.compiler" value="HotSpot 64-Bit Tiered Compilers"/>
    <property name="java.runtime.version" value="21+35-LTS-2513"/>
    <property name="user.name" value="divya"/>
    <property name="stdout.encoding" value="Cp1252"/>
    <property name="path.separator" value=";"/>
    <property name="os.version" value="10.0"/>
    <property name="java.runtime.name" value="Java(TM) SE Runtime Environment"/>
    <property name="file.encoding" value="UTF-8"/>
    <property name="java.vm.name" value="Java HotSpot(TM) 64-Bit Server VM"/>
    <property name="localRepository" value="C:\Users\divya\.m2\repository"/>
    <property name="java.vendor.url.bug" value="https://bugreport.java.com/bugreport/"/>
    <property name="java.io.tmpdir" value="C:\Users\divya\AppData\Local\Temp\"/>
    <property name="java.version" value="21"/>
    <property name="user.dir" value="C:\Users\divya\Downloads\UpdatedServiceProxy"/>
    <property name="os.arch" value="amd64"/>
    <property name="java.vm.specification.name" value="Java Virtual Machine Specification"/>
    <property name="sun.os.patch.level" value=""/>
    <property name="native.encoding" value="Cp1252"/>
    <property name="java.library.path" value="C:\Program Files\Java\jdk-21\bin;C:\Windows\Sun\Java\bin;C:\Windows\system32;C:\Windows;C:\Program Files\Common Files\Oracle\Java\javapath;C:\Windows\system32;C:\Windows;C:\Windows\System32\Wbem;C:\Windows\System32\WindowsPowerShell\v1.0\;C:\Windows\System32\OpenSSH\;C:\Users\divya\AppData\Local\Programs\Python\Python311\;C:\Users\divya\AppData\Local\Programs\Python\Python311\Scripts\;C:\Users\divya\Downloads\apache-maven-3.9.4-bin (1)\apache-maven-3.9.4\bin;C:\Users\divya\AppData\Local\Programs\Python\Python311\Scripts\;C:\Users\divya\AppData\Local\Programs\Python\Python311\;C:\Users\divya\AppData\Local\Microsoft\WindowsApps;C:\Program Files\JetBrains\IntelliJ IDEA 2023.2\bin;;C:\Program Files\JetBrains\IntelliJ IDEA Community Edition 2023.2\bin;;C:\Users\divya\AppData\Local\Programs\Microsoft VS Code\bin;;."/>
    <property name="java.vm.info" value="mixed mode, sharing"/>
    <property name="stderr.encoding" value="Cp1252"/>
    <property name="java.vendor" value="Oracle Corporation"/>
    <property name="java.vm.version" value="21+35-LTS-2513"/>
    <property name="sun.io.unicode.encoding" value="UnicodeLittle"/>
    <property name="java.class.version" value="65.0"/>
  </properties>
  <testcase name="testUpdateDevice{Vertx, VertxTestContext}" classname="com.IoT_CRUD.UpdatedServiceProxy.APIVerticleTest" time="1.593"/>
  <testcase name="testDeleteDevice{Vertx, VertxTestContext}" classname="com.IoT_CRUD.UpdatedServiceProxy.APIVerticleTest" time="0.044"/>
  <testcase name="testAddDevice{Vertx, VertxTestContext}" classname="com.IoT_CRUD.UpdatedServiceProxy.APIVerticleTest" time="0.041"/>
  <testcase name="testGetDevice{Vertx, VertxTestContext}" classname="com.IoT_CRUD.UpdatedServiceProxy.APIVerticleTest" time="0.046"/>
</testsuite>